[debug] [2022-05-30T18:16:24.431Z] ----------------------------------------------------------------------
[debug] [2022-05-30T18:16:24.434Z] Command:       C:\Program Files\nodejs\node.exe C:\Users\USER\AppData\Roaming\npm\node_modules\firebase-tools\lib\bin\firebase.js emulators:start
[debug] [2022-05-30T18:16:24.435Z] CLI Version:   11.0.1
[debug] [2022-05-30T18:16:24.435Z] Platform:      win32
[debug] [2022-05-30T18:16:24.435Z] Node Version:  v16.14.0
[debug] [2022-05-30T18:16:24.436Z] Time:          Mon May 30 2022 23:46:24 GMT+0530 (India Standard Time)
[debug] [2022-05-30T18:16:24.437Z] ----------------------------------------------------------------------
[debug] 
[debug] [2022-05-30T18:16:24.571Z] > command requires scopes: ["email","openid","https://www.googleapis.com/auth/cloudplatformprojects.readonly","https://www.googleapis.com/auth/firebase","https://www.googleapis.com/auth/cloud-platform"]
[debug] [2022-05-30T18:16:24.572Z] > authorizing via signed-in user (kartikkankurte@gmail.com)
[info] i  emulators: Starting emulators: functions, hosting {"metadata":{"emulator":{"name":"hub"},"message":"Starting emulators: functions, hosting"}}
[debug] [2022-05-30T18:16:24.632Z] [hub] writing locator at C:\Users\USER\AppData\Local\Temp\hub-snapkartnew.json
[warn] !  functions: The following emulators are not running, calls to these services from the Functions emulator will affect production: auth, firestore, database, pubsub, storage {"metadata":{"emulator":{"name":"functions"},"message":"The following emulators are not running, calls to these services from the Functions emulator will affect production: \u001b[1mauth, firestore, database, pubsub, storage\u001b[22m"}}
[info] +  functions: Using node@16 from host. {"metadata":{"emulator":{"name":"functions"},"message":"Using node@16 from host."}}
[debug] [2022-05-30T18:16:24.681Z] defaultcredentials: writing to file C:\Users\USER\AppData\Roaming\firebase\kartikkankurte_gmail_com_application_default_credentials.json
[debug] [2022-05-30T18:16:24.686Z] Setting GAC to C:\Users\USER\AppData\Roaming\firebase\kartikkankurte_gmail_com_application_default_credentials.json {"metadata":{"emulator":{"name":"functions"},"message":"Setting GAC to C:\\Users\\USER\\AppData\\Roaming\\firebase\\kartikkankurte_gmail_com_application_default_credentials.json"}}
[debug] [2022-05-30T18:16:24.689Z] > refreshing access token with scopes: []
[debug] [2022-05-30T18:16:24.690Z] >>> HTTP REQUEST POST https://www.googleapis.com/oauth2/v3/token  
 <request body omitted>
[debug] [2022-05-30T18:16:24.845Z] <<< HTTP RESPONSE 200 {"pragma":"no-cache","expires":"Mon, 01 Jan 1990 00:00:00 GMT","cache-control":"no-cache, no-store, max-age=0, must-revalidate","date":"Mon, 30 May 2022 18:16:27 GMT","content-type":"application/json; charset=utf-8","vary":"X-Origin, Referer, Origin,Accept-Encoding","server":"scaffolding on HTTPServer2","x-xss-protection":"0","x-frame-options":"SAMEORIGIN","x-content-type-options":"nosniff","alt-svc":"h3=\":443\"; ma=2592000,h3-29=\":443\"; ma=2592000,h3-Q050=\":443\"; ma=2592000,h3-Q046=\":443\"; ma=2592000,h3-Q043=\":443\"; ma=2592000,quic=\":443\"; ma=2592000; v=\"46,43\"","accept-ranges":"none","transfer-encoding":"chunked"}
[debug] [2022-05-30T18:16:24.866Z] >>> [apiv2][query] GET https://firebase.googleapis.com/v1beta1/projects/snapkartnew/adminSdkConfig [none]
[debug] [2022-05-30T18:16:25.315Z] <<< [apiv2][status] GET https://firebase.googleapis.com/v1beta1/projects/snapkartnew/adminSdkConfig 200
[debug] [2022-05-30T18:16:25.316Z] <<< [apiv2][body] GET https://firebase.googleapis.com/v1beta1/projects/snapkartnew/adminSdkConfig {"projectId":"snapkartnew","databaseURL":"https://snapkartnew-default-rtdb.firebaseio.com","storageBucket":"snapkartnew.appspot.com","locationId":"us-central"}
[debug] [2022-05-30T18:16:25.336Z] >>> [apiv2][query] GET https://firebasehosting.googleapis.com/v1beta1/projects/snapkartnew/sites 
[debug] [2022-05-30T18:16:27.050Z] <<< [apiv2][status] GET https://firebasehosting.googleapis.com/v1beta1/projects/snapkartnew/sites 200
[debug] [2022-05-30T18:16:27.050Z] <<< [apiv2][body] GET https://firebasehosting.googleapis.com/v1beta1/projects/snapkartnew/sites {"sites":[{"name":"projects/snapkartnew/sites/snapkartnew","defaultUrl":"https://snapkartnew.web.app","appId":"1:965584957602:web:ccc9cb7110c75dc7fd27fb","type":"DEFAULT_SITE"}]}
[debug] [2022-05-30T18:16:27.051Z] >>> [apiv2][query] GET https://firebase.googleapis.com/v1beta1/projects/snapkartnew/webApps/1:965584957602:web:ccc9cb7110c75dc7fd27fb/config [none]
[debug] [2022-05-30T18:16:28.381Z] <<< [apiv2][status] GET https://firebase.googleapis.com/v1beta1/projects/snapkartnew/webApps/1:965584957602:web:ccc9cb7110c75dc7fd27fb/config 200
[debug] [2022-05-30T18:16:28.381Z] <<< [apiv2][body] GET https://firebase.googleapis.com/v1beta1/projects/snapkartnew/webApps/1:965584957602:web:ccc9cb7110c75dc7fd27fb/config {"projectId":"snapkartnew","appId":"1:965584957602:web:ccc9cb7110c75dc7fd27fb","databaseURL":"https://snapkartnew-default-rtdb.firebaseio.com","storageBucket":"snapkartnew.appspot.com","locationId":"us-central","apiKey":"AIzaSyBeYG7zqvokRDfRdKz5oV7H8ET4muKot0A","authDomain":"snapkartnew.firebaseapp.com","messagingSenderId":"965584957602","measurementId":"G-X9N4VQNKN9"}
[info] i  hosting: Serving hosting files from: build {"metadata":{"emulator":{"name":"hosting"},"message":"Serving hosting files from: \u001b[1mbuild\u001b[22m"}}
[info] +  hosting: Local server: http://localhost:5000 {"metadata":{"emulator":{"name":"hosting"},"message":"Local server: \u001b[4m\u001b[1mhttp://localhost:5000\u001b[22m\u001b[24m"}}
[warn] !  ui: Emulator UI unable to start on port 4000, starting on 4005 instead. {"metadata":{"emulator":{"name":"ui"},"message":"Emulator UI unable to start on port 4000, starting on 4005 instead."}}
[debug] [2022-05-30T18:16:28.502Z] Ignoring unsupported arg: auto_download {"metadata":{"emulator":{"name":"ui"},"message":"Ignoring unsupported arg: auto_download"}}
[debug] [2022-05-30T18:16:28.503Z] Ignoring unsupported arg: port {"metadata":{"emulator":{"name":"ui"},"message":"Ignoring unsupported arg: port"}}
[debug] [2022-05-30T18:16:28.503Z] Starting Emulator UI with command {"binary":"node","args":["--dns-result-order=ipv4first","C:\\Users\\USER\\.cache\\firebase\\emulators\\ui-v1.7.0\\server.bundle.js"],"optionalArgs":[],"joinArgs":false} {"metadata":{"emulator":{"name":"ui"},"message":"Starting Emulator UI with command {\"binary\":\"node\",\"args\":[\"--dns-result-order=ipv4first\",\"C:\\\\Users\\\\USER\\\\.cache\\\\firebase\\\\emulators\\\\ui-v1.7.0\\\\server.bundle.js\"],\"optionalArgs\":[],\"joinArgs\":false}"}}
[info] i  ui: Emulator UI logging to ui-debug.log {"metadata":{"emulator":{"name":"ui"},"message":"Emulator UI logging to \u001b[1mui-debug.log\u001b[22m"}}
[debug] [2022-05-30T18:16:28.738Z] Web / API server started at localhost:4005
 {"metadata":{"emulator":{"name":"ui"},"message":"Web / API server started at localhost:4005\n"}}
[info] i  functions: Watching "C:\Users\USER\Desktop\snap-kart\snap-kart\functions" for Cloud Functions... {"metadata":{"emulator":{"name":"functions"},"message":"Watching \"C:\\Users\\USER\\Desktop\\snap-kart\\snap-kart\\functions\" for Cloud Functions..."}}
[debug] [2022-05-30T18:16:28.801Z] Validating nodejs source
[debug] [2022-05-30T18:16:33.164Z] > [functions] package.json contents: {
  "name": "functions",
  "description": "Cloud Functions for Firebase",
  "scripts": {
    "lint": "eslint .",
    "serve": "firebase emulators:start --only functions",
    "shell": "firebase functions:shell",
    "start": "npm run shell",
    "deploy": "firebase deploy --only functions",
    "logs": "firebase functions:log"
  },
  "engines": {
    "node": "16"
  },
  "main": "index.js",
  "dependencies": {
    "cors": "^2.8.5",
    "express": "^4.18.1",
    "firebase-admin": "^10.0.2",
    "firebase-functions": "^3.18.0",
    "stripe": "^9.5.0"
  },
  "devDependencies": {
    "eslint": "^8.9.0",
    "eslint-config-google": "^0.14.0",
    "firebase-functions-test": "^0.2.0"
  },
  "private": true
}
[debug] [2022-05-30T18:16:33.165Z] Building nodejs source
[debug] [2022-05-30T18:16:33.165Z] Analyzing nodejs backend spec
[debug] [2022-05-30T18:16:33.167Z] Could not find functions.yaml. Must use http discovery
[debug] [2022-05-30T18:16:33.669Z] Serving at port 9005

[debug] [2022-05-30T18:16:34.015Z] Got response from /__/functions.yaml {"endpoints":{"api":{"platform":"gcfv1","httpsTrigger":{},"entryPoint":"api"}},"specVersion":"v1alpha1","requiredAPIs":[]}
[debug] [2022-05-30T18:16:34.030Z] shutdown requested via /__/quitquitquit

[info] +  functions[us-central1-api]: http function initialized (http://localhost:5001/snapkartnew/us-central1/api). {"metadata":{"emulator":{"name":"functions"},"message":"\u001b[1mhttp\u001b[22m function initialized (http://localhost:5001/snapkartnew/us-central1/api)."}}
[info] 
┌─────────────────────────────────────────────────────────────┐
│ ✔  All emulators ready! It is now safe to connect your app. │
│ i  View Emulator UI at http://localhost:4005                │
└─────────────────────────────────────────────────────────────┘

┌───────────┬────────────────┬─────────────────────────────────┐
│ Emulator  │ Host:Port      │ View in Emulator UI             │
├───────────┼────────────────┼─────────────────────────────────┤
│ Functions │ localhost:5001 │ http://localhost:4005/functions │
├───────────┼────────────────┼─────────────────────────────────┤
│ Hosting   │ localhost:5000 │ n/a                             │
└───────────┴────────────────┴─────────────────────────────────┘
  Emulator Hub running at localhost:4400
  Other reserved ports: 4500

Issues? Report them at https://github.com/firebase/firebase-tools/issues and attach the *-debug.log files.
 
[debug] [2022-05-30T18:17:02.244Z] [work-queue] {"queueLength":1,"workRunningCount":0}
[debug] [2022-05-30T18:17:02.245Z] [work-queue] {"queueLength":0,"workRunningCount":1}
[debug] [2022-05-30T18:17:02.247Z] Accepted request POST /snapkartnew/us-central1/api/payments/create?total=299700 --> us-central1-api
[debug] [2022-05-30T18:17:02.270Z] [worker-pool] addWorker(us-central1-api) {"metadata":{"emulator":{"name":"functions"},"message":"[worker-pool] addWorker(us-central1-api)"}}
[debug] [2022-05-30T18:17:02.271Z] [worker-pool] Adding worker with key us-central1-api, total=1 {"metadata":{"emulator":{"name":"functions"},"message":"[worker-pool] Adding worker with key us-central1-api, total=1"}}
[debug] [2022-05-30T18:17:02.271Z] [worker-pool] submitWork(triggerId=us-central1-api) {"metadata":{"emulator":{"name":"functions"},"message":"[worker-pool] submitWork(triggerId=us-central1-api)"}}
[debug] [2022-05-30T18:17:02.271Z] [worker-us-central1-api-6bebe36f-4440-4050-9f4e-b08c67e76c52]: Assigning socketPath: \\?\pipe\C:\Users\USER\Desktop\snap-kart\snap-kart\functions\268 {"metadata":{"emulator":{"name":"functions"},"message":"[worker-us-central1-api-6bebe36f-4440-4050-9f4e-b08c67e76c52]: Assigning socketPath: \\\\?\\pipe\\C:\\Users\\USER\\Desktop\\snap-kart\\snap-kart\\functions\\268"}}
[debug] [2022-05-30T18:17:02.272Z] [worker-us-central1-api-6bebe36f-4440-4050-9f4e-b08c67e76c52]: BUSY {"metadata":{"emulator":{"name":"functions"},"message":"[worker-us-central1-api-6bebe36f-4440-4050-9f4e-b08c67e76c52]: BUSY"}}
[debug] [2022-05-30T18:17:02.274Z] [work-queue] {"queueLength":1,"workRunningCount":1}
[debug] [2022-05-30T18:17:02.275Z] [work-queue] {"queueLength":0,"workRunningCount":2}
[debug] [2022-05-30T18:17:02.275Z] Accepted request POST /snapkartnew/us-central1/api/payments/create?total=299700 --> us-central1-api
[debug] [2022-05-30T18:17:02.285Z] [worker-pool] addWorker(us-central1-api) {"metadata":{"emulator":{"name":"functions"},"message":"[worker-pool] addWorker(us-central1-api)"}}
[debug] [2022-05-30T18:17:02.285Z] [worker-pool] Adding worker with key us-central1-api, total=2 {"metadata":{"emulator":{"name":"functions"},"message":"[worker-pool] Adding worker with key us-central1-api, total=2"}}
[debug] [2022-05-30T18:17:02.285Z] [worker-pool] submitWork(triggerId=us-central1-api) {"metadata":{"emulator":{"name":"functions"},"message":"[worker-pool] submitWork(triggerId=us-central1-api)"}}
[debug] [2022-05-30T18:17:02.285Z] [worker-us-central1-api-a4250404-48b7-4631-bfb1-0dd4b75eef12]: Assigning socketPath: \\?\pipe\C:\Users\USER\Desktop\snap-kart\snap-kart\functions\14940 {"metadata":{"emulator":{"name":"functions"},"message":"[worker-us-central1-api-a4250404-48b7-4631-bfb1-0dd4b75eef12]: Assigning socketPath: \\\\?\\pipe\\C:\\Users\\USER\\Desktop\\snap-kart\\snap-kart\\functions\\14940"}}
[debug] [2022-05-30T18:17:02.286Z] [worker-us-central1-api-a4250404-48b7-4631-bfb1-0dd4b75eef12]: BUSY {"metadata":{"emulator":{"name":"functions"},"message":"[worker-us-central1-api-a4250404-48b7-4631-bfb1-0dd4b75eef12]: BUSY"}}
[debug] [2022-05-30T18:17:05.160Z] [runtime-status] [14940] Functions runtime initialized. {"cwd":"C:\\Users\\USER\\Desktop\\snap-kart\\snap-kart\\functions","node_version":"16.14.0"} {"metadata":{"emulator":{"name":"functions"},"function":{"name":"us-central1-api"},"extension":{},"message":"[runtime-status] [14940] Functions runtime initialized. {\"cwd\":\"C:\\\\Users\\\\USER\\\\Desktop\\\\snap-kart\\\\snap-kart\\\\functions\",\"node_version\":\"16.14.0\"}"}}
[debug] [2022-05-30T18:17:05.162Z] [runtime-status] [14940] Disabled runtime features: undefined {"metadata":{"emulator":{"name":"functions"},"function":{"name":"us-central1-api"},"extension":{},"message":"[runtime-status] [14940] Disabled runtime features: undefined"}}
[debug] [2022-05-30T18:17:05.168Z] [runtime-status] [268] Functions runtime initialized. {"cwd":"C:\\Users\\USER\\Desktop\\snap-kart\\snap-kart\\functions","node_version":"16.14.0"} {"metadata":{"emulator":{"name":"functions"},"function":{"name":"us-central1-api"},"extension":{},"message":"[runtime-status] [268] Functions runtime initialized. {\"cwd\":\"C:\\\\Users\\\\USER\\\\Desktop\\\\snap-kart\\\\snap-kart\\\\functions\",\"node_version\":\"16.14.0\"}"}}
[debug] [2022-05-30T18:17:05.168Z] [runtime-status] [14940] Resolved module firebase-admin {"declared":true,"installed":true,"version":"10.2.0","resolution":"C:\\Users\\USER\\Desktop\\snap-kart\\snap-kart\\functions\\node_modules\\firebase-admin\\lib\\index.js"} {"metadata":{"emulator":{"name":"functions"},"function":{"name":"us-central1-api"},"extension":{},"message":"[runtime-status] [14940] Resolved module firebase-admin {\"declared\":true,\"installed\":true,\"version\":\"10.2.0\",\"resolution\":\"C:\\\\Users\\\\USER\\\\Desktop\\\\snap-kart\\\\snap-kart\\\\functions\\\\node_modules\\\\firebase-admin\\\\lib\\\\index.js\"}"}}
[debug] [2022-05-30T18:17:05.171Z] [runtime-status] [268] Disabled runtime features: undefined {"metadata":{"emulator":{"name":"functions"},"function":{"name":"us-central1-api"},"extension":{},"message":"[runtime-status] [268] Disabled runtime features: undefined"}}
[debug] [2022-05-30T18:17:05.171Z] [runtime-status] [14940] Resolved module firebase-functions {"declared":true,"installed":true,"version":"3.21.2","resolution":"C:\\Users\\USER\\Desktop\\snap-kart\\snap-kart\\functions\\node_modules\\firebase-functions\\lib\\index.js"} {"metadata":{"emulator":{"name":"functions"},"function":{"name":"us-central1-api"},"extension":{},"message":"[runtime-status] [14940] Resolved module firebase-functions {\"declared\":true,\"installed\":true,\"version\":\"3.21.2\",\"resolution\":\"C:\\\\Users\\\\USER\\\\Desktop\\\\snap-kart\\\\snap-kart\\\\functions\\\\node_modules\\\\firebase-functions\\\\lib\\\\index.js\"}"}}
[debug] [2022-05-30T18:17:05.172Z] [runtime-status] [14940] Outgoing network have been stubbed. [{"name":"http","status":"mocked"},{"name":"http","status":"mocked"},{"name":"https","status":"mocked"},{"name":"https","status":"mocked"},{"name":"net","status":"mocked"}] {"metadata":{"emulator":{"name":"functions"},"function":{"name":"us-central1-api"},"extension":{},"message":"[runtime-status] [14940] Outgoing network have been stubbed. [{\"name\":\"http\",\"status\":\"mocked\"},{\"name\":\"http\",\"status\":\"mocked\"},{\"name\":\"https\",\"status\":\"mocked\"},{\"name\":\"https\",\"status\":\"mocked\"},{\"name\":\"net\",\"status\":\"mocked\"}]"}}
[debug] [2022-05-30T18:17:05.173Z] [runtime-status] [14940] Resolved module firebase-functions {"declared":true,"installed":true,"version":"3.21.2","resolution":"C:\\Users\\USER\\Desktop\\snap-kart\\snap-kart\\functions\\node_modules\\firebase-functions\\lib\\index.js"} {"metadata":{"emulator":{"name":"functions"},"function":{"name":"us-central1-api"},"extension":{},"message":"[runtime-status] [14940] Resolved module firebase-functions {\"declared\":true,\"installed\":true,\"version\":\"3.21.2\",\"resolution\":\"C:\\\\Users\\\\USER\\\\Desktop\\\\snap-kart\\\\snap-kart\\\\functions\\\\node_modules\\\\firebase-functions\\\\lib\\\\index.js\"}"}}
[debug] [2022-05-30T18:17:05.176Z] [runtime-status] [268] Resolved module firebase-admin {"declared":true,"installed":true,"version":"10.2.0","resolution":"C:\\Users\\USER\\Desktop\\snap-kart\\snap-kart\\functions\\node_modules\\firebase-admin\\lib\\index.js"} {"metadata":{"emulator":{"name":"functions"},"function":{"name":"us-central1-api"},"extension":{},"message":"[runtime-status] [268] Resolved module firebase-admin {\"declared\":true,\"installed\":true,\"version\":\"10.2.0\",\"resolution\":\"C:\\\\Users\\\\USER\\\\Desktop\\\\snap-kart\\\\snap-kart\\\\functions\\\\node_modules\\\\firebase-admin\\\\lib\\\\index.js\"}"}}
[debug] [2022-05-30T18:17:05.179Z] [runtime-status] [268] Resolved module firebase-functions {"declared":true,"installed":true,"version":"3.21.2","resolution":"C:\\Users\\USER\\Desktop\\snap-kart\\snap-kart\\functions\\node_modules\\firebase-functions\\lib\\index.js"} {"metadata":{"emulator":{"name":"functions"},"function":{"name":"us-central1-api"},"extension":{},"message":"[runtime-status] [268] Resolved module firebase-functions {\"declared\":true,\"installed\":true,\"version\":\"3.21.2\",\"resolution\":\"C:\\\\Users\\\\USER\\\\Desktop\\\\snap-kart\\\\snap-kart\\\\functions\\\\node_modules\\\\firebase-functions\\\\lib\\\\index.js\"}"}}
[debug] [2022-05-30T18:17:05.180Z] [runtime-status] [268] Outgoing network have been stubbed. [{"name":"http","status":"mocked"},{"name":"http","status":"mocked"},{"name":"https","status":"mocked"},{"name":"https","status":"mocked"},{"name":"net","status":"mocked"}] {"metadata":{"emulator":{"name":"functions"},"function":{"name":"us-central1-api"},"extension":{},"message":"[runtime-status] [268] Outgoing network have been stubbed. [{\"name\":\"http\",\"status\":\"mocked\"},{\"name\":\"http\",\"status\":\"mocked\"},{\"name\":\"https\",\"status\":\"mocked\"},{\"name\":\"https\",\"status\":\"mocked\"},{\"name\":\"net\",\"status\":\"mocked\"}]"}}
[debug] [2022-05-30T18:17:05.181Z] [runtime-status] [268] Resolved module firebase-functions {"declared":true,"installed":true,"version":"3.21.2","resolution":"C:\\Users\\USER\\Desktop\\snap-kart\\snap-kart\\functions\\node_modules\\firebase-functions\\lib\\index.js"} {"metadata":{"emulator":{"name":"functions"},"function":{"name":"us-central1-api"},"extension":{},"message":"[runtime-status] [268] Resolved module firebase-functions {\"declared\":true,\"installed\":true,\"version\":\"3.21.2\",\"resolution\":\"C:\\\\Users\\\\USER\\\\Desktop\\\\snap-kart\\\\snap-kart\\\\functions\\\\node_modules\\\\firebase-functions\\\\lib\\\\index.js\"}"}}
[debug] [2022-05-30T18:17:05.281Z] [runtime-status] [14940] Checked functions.config() {"config":{}} {"metadata":{"emulator":{"name":"functions"},"function":{"name":"us-central1-api"},"extension":{},"message":"[runtime-status] [14940] Checked functions.config() {\"config\":{}}"}}
[debug] [2022-05-30T18:17:05.282Z] [runtime-status] [14940] firebase-functions has been stubbed. {"functionsResolution":{"declared":true,"installed":true,"version":"3.21.2","resolution":"C:\\Users\\USER\\Desktop\\snap-kart\\snap-kart\\functions\\node_modules\\firebase-functions\\lib\\index.js"}} {"metadata":{"emulator":{"name":"functions"},"function":{"name":"us-central1-api"},"extension":{},"message":"[runtime-status] [14940] firebase-functions has been stubbed. {\"functionsResolution\":{\"declared\":true,\"installed\":true,\"version\":\"3.21.2\",\"resolution\":\"C:\\\\Users\\\\USER\\\\Desktop\\\\snap-kart\\\\snap-kart\\\\functions\\\\node_modules\\\\firebase-functions\\\\lib\\\\index.js\"}}"}}
[debug] [2022-05-30T18:17:05.285Z] [runtime-status] [14940] Resolved module firebase-functions {"declared":true,"installed":true,"version":"3.21.2","resolution":"C:\\Users\\USER\\Desktop\\snap-kart\\snap-kart\\functions\\node_modules\\firebase-functions\\lib\\index.js"} {"metadata":{"emulator":{"name":"functions"},"function":{"name":"us-central1-api"},"extension":{},"message":"[runtime-status] [14940] Resolved module firebase-functions {\"declared\":true,\"installed\":true,\"version\":\"3.21.2\",\"resolution\":\"C:\\\\Users\\\\USER\\\\Desktop\\\\snap-kart\\\\snap-kart\\\\functions\\\\node_modules\\\\firebase-functions\\\\lib\\\\index.js\"}"}}
[debug] [2022-05-30T18:17:05.289Z] [runtime-status] [14940] Resolved module firebase-admin {"declared":true,"installed":true,"version":"10.2.0","resolution":"C:\\Users\\USER\\Desktop\\snap-kart\\snap-kart\\functions\\node_modules\\firebase-admin\\lib\\index.js"} {"metadata":{"emulator":{"name":"functions"},"function":{"name":"us-central1-api"},"extension":{},"message":"[runtime-status] [14940] Resolved module firebase-admin {\"declared\":true,\"installed\":true,\"version\":\"10.2.0\",\"resolution\":\"C:\\\\Users\\\\USER\\\\Desktop\\\\snap-kart\\\\snap-kart\\\\functions\\\\node_modules\\\\firebase-admin\\\\lib\\\\index.js\"}"}}
[debug] [2022-05-30T18:17:05.290Z] [runtime-status] [14940] Resolved module firebase-functions {"declared":true,"installed":true,"version":"3.21.2","resolution":"C:\\Users\\USER\\Desktop\\snap-kart\\snap-kart\\functions\\node_modules\\firebase-functions\\lib\\index.js"} {"metadata":{"emulator":{"name":"functions"},"function":{"name":"us-central1-api"},"extension":{},"message":"[runtime-status] [14940] Resolved module firebase-functions {\"declared\":true,\"installed\":true,\"version\":\"3.21.2\",\"resolution\":\"C:\\\\Users\\\\USER\\\\Desktop\\\\snap-kart\\\\snap-kart\\\\functions\\\\node_modules\\\\firebase-functions\\\\lib\\\\index.js\"}"}}
[debug] [2022-05-30T18:17:05.291Z] [runtime-status] [14940] firebase-admin has been stubbed. {"adminResolution":{"declared":true,"installed":true,"version":"10.2.0","resolution":"C:\\Users\\USER\\Desktop\\snap-kart\\snap-kart\\functions\\node_modules\\firebase-admin\\lib\\index.js"}} {"metadata":{"emulator":{"name":"functions"},"function":{"name":"us-central1-api"},"extension":{},"message":"[runtime-status] [14940] firebase-admin has been stubbed. {\"adminResolution\":{\"declared\":true,\"installed\":true,\"version\":\"10.2.0\",\"resolution\":\"C:\\\\Users\\\\USER\\\\Desktop\\\\snap-kart\\\\snap-kart\\\\functions\\\\node_modules\\\\firebase-admin\\\\lib\\\\index.js\"}}"}}
[debug] [2022-05-30T18:17:05.292Z] [runtime-status] [268] Checked functions.config() {"config":{}} {"metadata":{"emulator":{"name":"functions"},"function":{"name":"us-central1-api"},"extension":{},"message":"[runtime-status] [268] Checked functions.config() {\"config\":{}}"}}
[debug] [2022-05-30T18:17:05.293Z] [runtime-status] [268] firebase-functions has been stubbed. {"functionsResolution":{"declared":true,"installed":true,"version":"3.21.2","resolution":"C:\\Users\\USER\\Desktop\\snap-kart\\snap-kart\\functions\\node_modules\\firebase-functions\\lib\\index.js"}} {"metadata":{"emulator":{"name":"functions"},"function":{"name":"us-central1-api"},"extension":{},"message":"[runtime-status] [268] firebase-functions has been stubbed. {\"functionsResolution\":{\"declared\":true,\"installed\":true,\"version\":\"3.21.2\",\"resolution\":\"C:\\\\Users\\\\USER\\\\Desktop\\\\snap-kart\\\\snap-kart\\\\functions\\\\node_modules\\\\firebase-functions\\\\lib\\\\index.js\"}}"}}
[debug] [2022-05-30T18:17:05.295Z] [runtime-status] [268] Resolved module firebase-functions {"declared":true,"installed":true,"version":"3.21.2","resolution":"C:\\Users\\USER\\Desktop\\snap-kart\\snap-kart\\functions\\node_modules\\firebase-functions\\lib\\index.js"} {"metadata":{"emulator":{"name":"functions"},"function":{"name":"us-central1-api"},"extension":{},"message":"[runtime-status] [268] Resolved module firebase-functions {\"declared\":true,\"installed\":true,\"version\":\"3.21.2\",\"resolution\":\"C:\\\\Users\\\\USER\\\\Desktop\\\\snap-kart\\\\snap-kart\\\\functions\\\\node_modules\\\\firebase-functions\\\\lib\\\\index.js\"}"}}
[debug] [2022-05-30T18:17:05.298Z] [runtime-status] [268] Resolved module firebase-admin {"declared":true,"installed":true,"version":"10.2.0","resolution":"C:\\Users\\USER\\Desktop\\snap-kart\\snap-kart\\functions\\node_modules\\firebase-admin\\lib\\index.js"} {"metadata":{"emulator":{"name":"functions"},"function":{"name":"us-central1-api"},"extension":{},"message":"[runtime-status] [268] Resolved module firebase-admin {\"declared\":true,\"installed\":true,\"version\":\"10.2.0\",\"resolution\":\"C:\\\\Users\\\\USER\\\\Desktop\\\\snap-kart\\\\snap-kart\\\\functions\\\\node_modules\\\\firebase-admin\\\\lib\\\\index.js\"}"}}
[debug] [2022-05-30T18:17:05.301Z] [runtime-status] [268] Resolved module firebase-functions {"declared":true,"installed":true,"version":"3.21.2","resolution":"C:\\Users\\USER\\Desktop\\snap-kart\\snap-kart\\functions\\node_modules\\firebase-functions\\lib\\index.js"} {"metadata":{"emulator":{"name":"functions"},"function":{"name":"us-central1-api"},"extension":{},"message":"[runtime-status] [268] Resolved module firebase-functions {\"declared\":true,\"installed\":true,\"version\":\"3.21.2\",\"resolution\":\"C:\\\\Users\\\\USER\\\\Desktop\\\\snap-kart\\\\snap-kart\\\\functions\\\\node_modules\\\\firebase-functions\\\\lib\\\\index.js\"}"}}
[debug] [2022-05-30T18:17:05.301Z] [runtime-status] [268] firebase-admin has been stubbed. {"adminResolution":{"declared":true,"installed":true,"version":"10.2.0","resolution":"C:\\Users\\USER\\Desktop\\snap-kart\\snap-kart\\functions\\node_modules\\firebase-admin\\lib\\index.js"}} {"metadata":{"emulator":{"name":"functions"},"function":{"name":"us-central1-api"},"extension":{},"message":"[runtime-status] [268] firebase-admin has been stubbed. {\"adminResolution\":{\"declared\":true,\"installed\":true,\"version\":\"10.2.0\",\"resolution\":\"C:\\\\Users\\\\USER\\\\Desktop\\\\snap-kart\\\\snap-kart\\\\functions\\\\node_modules\\\\firebase-admin\\\\lib\\\\index.js\"}}"}}
[debug] [2022-05-30T18:17:05.674Z] [runtime-status] [14940] Beginning invocation function api! {"metadata":{"emulator":{"name":"functions"},"function":{"name":"us-central1-api"},"extension":{},"message":"[runtime-status] [14940] Beginning invocation function api!"}}
[info] i  functions: Beginning execution of "api" {"metadata":{"emulator":{"name":"functions"},"function":{"name":"us-central1-api"},"extension":{},"message":"Beginning execution of \"api\""}}
[debug] [2022-05-30T18:17:05.677Z] [runtime-status] [14940] Running api in signature http {"metadata":{"emulator":{"name":"functions"},"function":{"name":"us-central1-api"},"extension":{},"message":"[runtime-status] [14940] Running api in signature http"}}
[debug] [2022-05-30T18:17:05.681Z] [runtime-status] [14940] Attempting to listen to socketPath: \\?\pipe\C:\Users\USER\Desktop\snap-kart\snap-kart\functions\14940 {"metadata":{"emulator":{"name":"functions"},"function":{"name":"us-central1-api"},"extension":{},"message":"[runtime-status] [14940] Attempting to listen to socketPath: \\\\?\\pipe\\C:\\Users\\USER\\Desktop\\snap-kart\\snap-kart\\functions\\14940"}}
[debug] [2022-05-30T18:17:05.683Z] [runtime-status] [268] Beginning invocation function api! {"metadata":{"emulator":{"name":"functions"},"function":{"name":"us-central1-api"},"extension":{},"message":"[runtime-status] [268] Beginning invocation function api!"}}
[info] i  functions: Beginning execution of "api" {"metadata":{"emulator":{"name":"functions"},"function":{"name":"us-central1-api"},"extension":{},"message":"Beginning execution of \"api\""}}
[debug] [2022-05-30T18:17:05.685Z] [runtime-status] [268] Running api in signature http {"metadata":{"emulator":{"name":"functions"},"function":{"name":"us-central1-api"},"extension":{},"message":"[runtime-status] [268] Running api in signature http"}}
[debug] [2022-05-30T18:17:05.691Z] [functions] Runtime ready! Sending request! {"metadata":{"emulator":{"name":"functions"},"message":"[functions] Runtime ready! Sending request!"}}
[debug] [2022-05-30T18:17:05.693Z] [functions] Got req.url=/snapkartnew/us-central1/api/payments/create?total=299700, mapping to path=/payments/create?total=299700 {"metadata":{"emulator":{"name":"functions"},"message":"[functions] Got req.url=/snapkartnew/us-central1/api/payments/create?total=299700, mapping to path=/payments/create?total=299700"}}
[debug] [2022-05-30T18:17:05.695Z] [runtime-status] [268] Attempting to listen to socketPath: \\?\pipe\C:\Users\USER\Desktop\snap-kart\snap-kart\functions\268 {"metadata":{"emulator":{"name":"functions"},"function":{"name":"us-central1-api"},"extension":{},"message":"[runtime-status] [268] Attempting to listen to socketPath: \\\\?\\pipe\\C:\\Users\\USER\\Desktop\\snap-kart\\snap-kart\\functions\\268"}}
[debug] [2022-05-30T18:17:05.703Z] [functions] Runtime ready! Sending request! {"metadata":{"emulator":{"name":"functions"},"message":"[functions] Runtime ready! Sending request!"}}
[debug] [2022-05-30T18:17:05.704Z] [functions] Got req.url=/snapkartnew/us-central1/api/payments/create?total=299700, mapping to path=/payments/create?total=299700 {"metadata":{"emulator":{"name":"functions"},"message":"[functions] Got req.url=/snapkartnew/us-central1/api/payments/create?total=299700, mapping to path=/payments/create?total=299700"}}
[debug] [2022-05-30T18:17:05.712Z] [runtime-status] [14940] Ephemeral server handling POST request {"metadata":{"emulator":{"name":"functions"},"function":{"name":"us-central1-api"},"extension":{},"message":"[runtime-status] [14940] Ephemeral server handling POST request"}}
[info] >  Payment Request Recieved BOOM!!! for this amount >>>  299700 {"user":"Payment Request Recieved BOOM!!! for this amount >>>  299700","metadata":{"emulator":{"name":"functions"},"function":{"name":"us-central1-api"},"extension":{},"message":"\u001b[90m> \u001b[39m Payment Request Recieved BOOM!!! for this amount >>>  299700"}}
[debug] [2022-05-30T18:17:05.727Z] [runtime-status] [268] Ephemeral server handling POST request {"metadata":{"emulator":{"name":"functions"},"function":{"name":"us-central1-api"},"extension":{},"message":"[runtime-status] [268] Ephemeral server handling POST request"}}
[info] >  Payment Request Recieved BOOM!!! for this amount >>>  299700 {"user":"Payment Request Recieved BOOM!!! for this amount >>>  299700","metadata":{"emulator":{"name":"functions"},"function":{"name":"us-central1-api"},"extension":{},"message":"\u001b[90m> \u001b[39m Payment Request Recieved BOOM!!! for this amount >>>  299700"}}
[debug] [2022-05-30T18:17:05.745Z] [runtime-status] [14940] Ephemeral server survived. {"metadata":{"emulator":{"name":"functions"},"function":{"name":"us-central1-api"},"extension":{},"message":"[runtime-status] [14940] Ephemeral server survived."}}
[debug] [2022-05-30T18:17:05.761Z] [runtime-status] [268] Ephemeral server survived. {"metadata":{"emulator":{"name":"functions"},"function":{"name":"us-central1-api"},"extension":{},"message":"[runtime-status] [268] Ephemeral server survived."}}
[info] i  functions: Finished "api" in ~1s {"metadata":{"emulator":{"name":"functions"},"function":{"name":"us-central1-api"},"extension":{},"message":"Finished \"api\" in ~1s"}}
[debug] [2022-05-30T18:17:06.387Z] [worker-us-central1-api-6bebe36f-4440-4050-9f4e-b08c67e76c52]: IDLE {"metadata":{"emulator":{"name":"functions"},"message":"[worker-us-central1-api-6bebe36f-4440-4050-9f4e-b08c67e76c52]: IDLE"}}
[debug] [2022-05-30T18:17:06.388Z] [work-queue] {"queueLength":0,"workRunningCount":1}
[info] i  functions: Finished "api" in ~1s {"metadata":{"emulator":{"name":"functions"},"function":{"name":"us-central1-api"},"extension":{},"message":"Finished \"api\" in ~1s"}}
[debug] [2022-05-30T18:17:06.451Z] [worker-us-central1-api-a4250404-48b7-4631-bfb1-0dd4b75eef12]: IDLE {"metadata":{"emulator":{"name":"functions"},"message":"[worker-us-central1-api-a4250404-48b7-4631-bfb1-0dd4b75eef12]: IDLE"}}
[debug] [2022-05-30T18:17:06.452Z] [work-queue] {"queueLength":0,"workRunningCount":0}
[debug] [2022-05-30T18:17:09.314Z] [work-queue] {"queueLength":1,"workRunningCount":0}
[debug] [2022-05-30T18:17:09.314Z] [work-queue] {"queueLength":0,"workRunningCount":1}
[debug] [2022-05-30T18:17:09.314Z] Accepted request POST /snapkartnew/us-central1/api/payments/create?total=299700 --> us-central1-api
[debug] [2022-05-30T18:17:09.315Z] [worker-pool] submitWork(triggerId=us-central1-api) {"metadata":{"emulator":{"name":"functions"},"message":"[worker-pool] submitWork(triggerId=us-central1-api)"}}
[debug] [2022-05-30T18:17:09.315Z] [worker-us-central1-api-6bebe36f-4440-4050-9f4e-b08c67e76c52]: Assigning socketPath: \\?\pipe\C:\Users\USER\Desktop\snap-kart\snap-kart\functions\268 {"metadata":{"emulator":{"name":"functions"},"message":"[worker-us-central1-api-6bebe36f-4440-4050-9f4e-b08c67e76c52]: Assigning socketPath: \\\\?\\pipe\\C:\\Users\\USER\\Desktop\\snap-kart\\snap-kart\\functions\\268"}}
[debug] [2022-05-30T18:17:09.315Z] [worker-us-central1-api-6bebe36f-4440-4050-9f4e-b08c67e76c52]: BUSY {"metadata":{"emulator":{"name":"functions"},"message":"[worker-us-central1-api-6bebe36f-4440-4050-9f4e-b08c67e76c52]: BUSY"}}
[debug] [2022-05-30T18:17:09.316Z] [runtime-status] [268] Beginning invocation function api! {"metadata":{"emulator":{"name":"functions"},"function":{"name":"us-central1-api"},"extension":{},"message":"[runtime-status] [268] Beginning invocation function api!"}}
[info] i  functions: Beginning execution of "api" {"metadata":{"emulator":{"name":"functions"},"function":{"name":"us-central1-api"},"extension":{},"message":"Beginning execution of \"api\""}}
[debug] [2022-05-30T18:17:09.318Z] [runtime-status] [268] Running api in signature http {"metadata":{"emulator":{"name":"functions"},"function":{"name":"us-central1-api"},"extension":{},"message":"[runtime-status] [268] Running api in signature http"}}
[debug] [2022-05-30T18:17:09.318Z] [runtime-status] [268] Attempting to listen to socketPath: \\?\pipe\C:\Users\USER\Desktop\snap-kart\snap-kart\functions\268 {"metadata":{"emulator":{"name":"functions"},"function":{"name":"us-central1-api"},"extension":{},"message":"[runtime-status] [268] Attempting to listen to socketPath: \\\\?\\pipe\\C:\\Users\\USER\\Desktop\\snap-kart\\snap-kart\\functions\\268"}}
[debug] [2022-05-30T18:17:09.321Z] [functions] Runtime ready! Sending request! {"metadata":{"emulator":{"name":"functions"},"message":"[functions] Runtime ready! Sending request!"}}
[debug] [2022-05-30T18:17:09.321Z] [functions] Got req.url=/snapkartnew/us-central1/api/payments/create?total=299700, mapping to path=/payments/create?total=299700 {"metadata":{"emulator":{"name":"functions"},"message":"[functions] Got req.url=/snapkartnew/us-central1/api/payments/create?total=299700, mapping to path=/payments/create?total=299700"}}
[debug] [2022-05-30T18:17:09.324Z] [runtime-status] [268] Ephemeral server handling POST request {"metadata":{"emulator":{"name":"functions"},"function":{"name":"us-central1-api"},"extension":{},"message":"[runtime-status] [268] Ephemeral server handling POST request"}}
[info] >  Payment Request Recieved BOOM!!! for this amount >>>  299700 {"user":"Payment Request Recieved BOOM!!! for this amount >>>  299700","metadata":{"emulator":{"name":"functions"},"function":{"name":"us-central1-api"},"extension":{},"message":"\u001b[90m> \u001b[39m Payment Request Recieved BOOM!!! for this amount >>>  299700"}}
[debug] [2022-05-30T18:17:09.326Z] [runtime-status] [268] Ephemeral server survived. {"metadata":{"emulator":{"name":"functions"},"function":{"name":"us-central1-api"},"extension":{},"message":"[runtime-status] [268] Ephemeral server survived."}}
[info] i  functions: Finished "api" in ~1s {"metadata":{"emulator":{"name":"functions"},"function":{"name":"us-central1-api"},"extension":{},"message":"Finished \"api\" in ~1s"}}
[debug] [2022-05-30T18:17:09.646Z] [worker-us-central1-api-6bebe36f-4440-4050-9f4e-b08c67e76c52]: IDLE {"metadata":{"emulator":{"name":"functions"},"message":"[worker-us-central1-api-6bebe36f-4440-4050-9f4e-b08c67e76c52]: IDLE"}}
[debug] [2022-05-30T18:17:09.647Z] [work-queue] {"queueLength":0,"workRunningCount":0}
[debug] [2022-05-30T18:17:11.017Z] [work-queue] {"queueLength":1,"workRunningCount":0}
[debug] [2022-05-30T18:17:11.017Z] [work-queue] {"queueLength":0,"workRunningCount":1}
[debug] [2022-05-30T18:17:11.017Z] Accepted request POST /snapkartnew/us-central1/api/payments/create?total=299700 --> us-central1-api
[debug] [2022-05-30T18:17:11.017Z] [worker-pool] submitWork(triggerId=us-central1-api) {"metadata":{"emulator":{"name":"functions"},"message":"[worker-pool] submitWork(triggerId=us-central1-api)"}}
[debug] [2022-05-30T18:17:11.017Z] [worker-us-central1-api-6bebe36f-4440-4050-9f4e-b08c67e76c52]: Assigning socketPath: \\?\pipe\C:\Users\USER\Desktop\snap-kart\snap-kart\functions\268 {"metadata":{"emulator":{"name":"functions"},"message":"[worker-us-central1-api-6bebe36f-4440-4050-9f4e-b08c67e76c52]: Assigning socketPath: \\\\?\\pipe\\C:\\Users\\USER\\Desktop\\snap-kart\\snap-kart\\functions\\268"}}
[debug] [2022-05-30T18:17:11.017Z] [worker-us-central1-api-6bebe36f-4440-4050-9f4e-b08c67e76c52]: BUSY {"metadata":{"emulator":{"name":"functions"},"message":"[worker-us-central1-api-6bebe36f-4440-4050-9f4e-b08c67e76c52]: BUSY"}}
[debug] [2022-05-30T18:17:11.018Z] [runtime-status] [268] Beginning invocation function api! {"metadata":{"emulator":{"name":"functions"},"function":{"name":"us-central1-api"},"extension":{},"message":"[runtime-status] [268] Beginning invocation function api!"}}
[info] i  functions: Beginning execution of "api" {"metadata":{"emulator":{"name":"functions"},"function":{"name":"us-central1-api"},"extension":{},"message":"Beginning execution of \"api\""}}
[debug] [2022-05-30T18:17:11.020Z] [runtime-status] [268] Running api in signature http {"metadata":{"emulator":{"name":"functions"},"function":{"name":"us-central1-api"},"extension":{},"message":"[runtime-status] [268] Running api in signature http"}}
[debug] [2022-05-30T18:17:11.020Z] [runtime-status] [268] Attempting to listen to socketPath: \\?\pipe\C:\Users\USER\Desktop\snap-kart\snap-kart\functions\268 {"metadata":{"emulator":{"name":"functions"},"function":{"name":"us-central1-api"},"extension":{},"message":"[runtime-status] [268] Attempting to listen to socketPath: \\\\?\\pipe\\C:\\Users\\USER\\Desktop\\snap-kart\\snap-kart\\functions\\268"}}
[debug] [2022-05-30T18:17:11.024Z] [functions] Runtime ready! Sending request! {"metadata":{"emulator":{"name":"functions"},"message":"[functions] Runtime ready! Sending request!"}}
[debug] [2022-05-30T18:17:11.024Z] [functions] Got req.url=/snapkartnew/us-central1/api/payments/create?total=299700, mapping to path=/payments/create?total=299700 {"metadata":{"emulator":{"name":"functions"},"message":"[functions] Got req.url=/snapkartnew/us-central1/api/payments/create?total=299700, mapping to path=/payments/create?total=299700"}}
[debug] [2022-05-30T18:17:11.027Z] [runtime-status] [268] Ephemeral server handling POST request {"metadata":{"emulator":{"name":"functions"},"function":{"name":"us-central1-api"},"extension":{},"message":"[runtime-status] [268] Ephemeral server handling POST request"}}
[info] >  Payment Request Recieved BOOM!!! for this amount >>>  299700 {"user":"Payment Request Recieved BOOM!!! for this amount >>>  299700","metadata":{"emulator":{"name":"functions"},"function":{"name":"us-central1-api"},"extension":{},"message":"\u001b[90m> \u001b[39m Payment Request Recieved BOOM!!! for this amount >>>  299700"}}
[debug] [2022-05-30T18:17:11.029Z] [runtime-status] [268] Ephemeral server survived. {"metadata":{"emulator":{"name":"functions"},"function":{"name":"us-central1-api"},"extension":{},"message":"[runtime-status] [268] Ephemeral server survived."}}
[info] i  functions: Finished "api" in ~1s {"metadata":{"emulator":{"name":"functions"},"function":{"name":"us-central1-api"},"extension":{},"message":"Finished \"api\" in ~1s"}}
[debug] [2022-05-30T18:17:11.387Z] [worker-us-central1-api-6bebe36f-4440-4050-9f4e-b08c67e76c52]: IDLE {"metadata":{"emulator":{"name":"functions"},"message":"[worker-us-central1-api-6bebe36f-4440-4050-9f4e-b08c67e76c52]: IDLE"}}
[debug] [2022-05-30T18:17:11.388Z] [work-queue] {"queueLength":0,"workRunningCount":0}
[debug] [2022-05-30T18:17:11.499Z] [work-queue] {"queueLength":1,"workRunningCount":0}
[debug] [2022-05-30T18:17:11.499Z] [work-queue] {"queueLength":0,"workRunningCount":1}
[debug] [2022-05-30T18:17:11.500Z] Accepted request POST /snapkartnew/us-central1/api/payments/create?total=299700 --> us-central1-api
[debug] [2022-05-30T18:17:11.500Z] [worker-pool] submitWork(triggerId=us-central1-api) {"metadata":{"emulator":{"name":"functions"},"message":"[worker-pool] submitWork(triggerId=us-central1-api)"}}
[debug] [2022-05-30T18:17:11.500Z] [worker-us-central1-api-6bebe36f-4440-4050-9f4e-b08c67e76c52]: Assigning socketPath: \\?\pipe\C:\Users\USER\Desktop\snap-kart\snap-kart\functions\268 {"metadata":{"emulator":{"name":"functions"},"message":"[worker-us-central1-api-6bebe36f-4440-4050-9f4e-b08c67e76c52]: Assigning socketPath: \\\\?\\pipe\\C:\\Users\\USER\\Desktop\\snap-kart\\snap-kart\\functions\\268"}}
[debug] [2022-05-30T18:17:11.500Z] [worker-us-central1-api-6bebe36f-4440-4050-9f4e-b08c67e76c52]: BUSY {"metadata":{"emulator":{"name":"functions"},"message":"[worker-us-central1-api-6bebe36f-4440-4050-9f4e-b08c67e76c52]: BUSY"}}
[debug] [2022-05-30T18:17:11.501Z] [runtime-status] [268] Beginning invocation function api! {"metadata":{"emulator":{"name":"functions"},"function":{"name":"us-central1-api"},"extension":{},"message":"[runtime-status] [268] Beginning invocation function api!"}}
[info] i  functions: Beginning execution of "api" {"metadata":{"emulator":{"name":"functions"},"function":{"name":"us-central1-api"},"extension":{},"message":"Beginning execution of \"api\""}}
[debug] [2022-05-30T18:17:11.503Z] [runtime-status] [268] Running api in signature http {"metadata":{"emulator":{"name":"functions"},"function":{"name":"us-central1-api"},"extension":{},"message":"[runtime-status] [268] Running api in signature http"}}
[debug] [2022-05-30T18:17:11.503Z] [runtime-status] [268] Attempting to listen to socketPath: \\?\pipe\C:\Users\USER\Desktop\snap-kart\snap-kart\functions\268 {"metadata":{"emulator":{"name":"functions"},"function":{"name":"us-central1-api"},"extension":{},"message":"[runtime-status] [268] Attempting to listen to socketPath: \\\\?\\pipe\\C:\\Users\\USER\\Desktop\\snap-kart\\snap-kart\\functions\\268"}}
[debug] [2022-05-30T18:17:11.507Z] [functions] Runtime ready! Sending request! {"metadata":{"emulator":{"name":"functions"},"message":"[functions] Runtime ready! Sending request!"}}
[debug] [2022-05-30T18:17:11.507Z] [functions] Got req.url=/snapkartnew/us-central1/api/payments/create?total=299700, mapping to path=/payments/create?total=299700 {"metadata":{"emulator":{"name":"functions"},"message":"[functions] Got req.url=/snapkartnew/us-central1/api/payments/create?total=299700, mapping to path=/payments/create?total=299700"}}
[debug] [2022-05-30T18:17:11.509Z] [runtime-status] [268] Ephemeral server handling POST request {"metadata":{"emulator":{"name":"functions"},"function":{"name":"us-central1-api"},"extension":{},"message":"[runtime-status] [268] Ephemeral server handling POST request"}}
[info] >  Payment Request Recieved BOOM!!! for this amount >>>  299700 {"user":"Payment Request Recieved BOOM!!! for this amount >>>  299700","metadata":{"emulator":{"name":"functions"},"function":{"name":"us-central1-api"},"extension":{},"message":"\u001b[90m> \u001b[39m Payment Request Recieved BOOM!!! for this amount >>>  299700"}}
[debug] [2022-05-30T18:17:11.511Z] [runtime-status] [268] Ephemeral server survived. {"metadata":{"emulator":{"name":"functions"},"function":{"name":"us-central1-api"},"extension":{},"message":"[runtime-status] [268] Ephemeral server survived."}}
[info] i  functions: Finished "api" in ~1s {"metadata":{"emulator":{"name":"functions"},"function":{"name":"us-central1-api"},"extension":{},"message":"Finished \"api\" in ~1s"}}
[debug] [2022-05-30T18:17:11.832Z] [worker-us-central1-api-6bebe36f-4440-4050-9f4e-b08c67e76c52]: IDLE {"metadata":{"emulator":{"name":"functions"},"message":"[worker-us-central1-api-6bebe36f-4440-4050-9f4e-b08c67e76c52]: IDLE"}}
[debug] [2022-05-30T18:17:11.833Z] [work-queue] {"queueLength":0,"workRunningCount":0}
[debug] [2022-05-30T18:17:12.147Z] [work-queue] {"queueLength":1,"workRunningCount":0}
[debug] [2022-05-30T18:17:12.148Z] [work-queue] {"queueLength":0,"workRunningCount":1}
[debug] [2022-05-30T18:17:12.148Z] Accepted request POST /snapkartnew/us-central1/api/payments/create?total=299700 --> us-central1-api
[debug] [2022-05-30T18:17:12.148Z] [worker-pool] submitWork(triggerId=us-central1-api) {"metadata":{"emulator":{"name":"functions"},"message":"[worker-pool] submitWork(triggerId=us-central1-api)"}}
[debug] [2022-05-30T18:17:12.148Z] [worker-us-central1-api-6bebe36f-4440-4050-9f4e-b08c67e76c52]: Assigning socketPath: \\?\pipe\C:\Users\USER\Desktop\snap-kart\snap-kart\functions\268 {"metadata":{"emulator":{"name":"functions"},"message":"[worker-us-central1-api-6bebe36f-4440-4050-9f4e-b08c67e76c52]: Assigning socketPath: \\\\?\\pipe\\C:\\Users\\USER\\Desktop\\snap-kart\\snap-kart\\functions\\268"}}
[debug] [2022-05-30T18:17:12.148Z] [worker-us-central1-api-6bebe36f-4440-4050-9f4e-b08c67e76c52]: BUSY {"metadata":{"emulator":{"name":"functions"},"message":"[worker-us-central1-api-6bebe36f-4440-4050-9f4e-b08c67e76c52]: BUSY"}}
[debug] [2022-05-30T18:17:12.149Z] [runtime-status] [268] Beginning invocation function api! {"metadata":{"emulator":{"name":"functions"},"function":{"name":"us-central1-api"},"extension":{},"message":"[runtime-status] [268] Beginning invocation function api!"}}
[info] i  functions: Beginning execution of "api" {"metadata":{"emulator":{"name":"functions"},"function":{"name":"us-central1-api"},"extension":{},"message":"Beginning execution of \"api\""}}
[debug] [2022-05-30T18:17:12.151Z] [runtime-status] [268] Running api in signature http {"metadata":{"emulator":{"name":"functions"},"function":{"name":"us-central1-api"},"extension":{},"message":"[runtime-status] [268] Running api in signature http"}}
[debug] [2022-05-30T18:17:12.151Z] [runtime-status] [268] Attempting to listen to socketPath: \\?\pipe\C:\Users\USER\Desktop\snap-kart\snap-kart\functions\268 {"metadata":{"emulator":{"name":"functions"},"function":{"name":"us-central1-api"},"extension":{},"message":"[runtime-status] [268] Attempting to listen to socketPath: \\\\?\\pipe\\C:\\Users\\USER\\Desktop\\snap-kart\\snap-kart\\functions\\268"}}
[debug] [2022-05-30T18:17:12.154Z] [functions] Runtime ready! Sending request! {"metadata":{"emulator":{"name":"functions"},"message":"[functions] Runtime ready! Sending request!"}}
[debug] [2022-05-30T18:17:12.155Z] [functions] Got req.url=/snapkartnew/us-central1/api/payments/create?total=299700, mapping to path=/payments/create?total=299700 {"metadata":{"emulator":{"name":"functions"},"message":"[functions] Got req.url=/snapkartnew/us-central1/api/payments/create?total=299700, mapping to path=/payments/create?total=299700"}}
[debug] [2022-05-30T18:17:12.159Z] [runtime-status] [268] Ephemeral server handling POST request {"metadata":{"emulator":{"name":"functions"},"function":{"name":"us-central1-api"},"extension":{},"message":"[runtime-status] [268] Ephemeral server handling POST request"}}
[info] >  Payment Request Recieved BOOM!!! for this amount >>>  299700 {"user":"Payment Request Recieved BOOM!!! for this amount >>>  299700","metadata":{"emulator":{"name":"functions"},"function":{"name":"us-central1-api"},"extension":{},"message":"\u001b[90m> \u001b[39m Payment Request Recieved BOOM!!! for this amount >>>  299700"}}
[debug] [2022-05-30T18:17:12.161Z] [runtime-status] [268] Ephemeral server survived. {"metadata":{"emulator":{"name":"functions"},"function":{"name":"us-central1-api"},"extension":{},"message":"[runtime-status] [268] Ephemeral server survived."}}
[info] i  functions: Finished "api" in ~1s {"metadata":{"emulator":{"name":"functions"},"function":{"name":"us-central1-api"},"extension":{},"message":"Finished \"api\" in ~1s"}}
[debug] [2022-05-30T18:17:12.427Z] [worker-us-central1-api-6bebe36f-4440-4050-9f4e-b08c67e76c52]: IDLE {"metadata":{"emulator":{"name":"functions"},"message":"[worker-us-central1-api-6bebe36f-4440-4050-9f4e-b08c67e76c52]: IDLE"}}
[debug] [2022-05-30T18:17:12.427Z] [work-queue] {"queueLength":0,"workRunningCount":0}
[debug] [2022-05-30T18:17:12.504Z] [work-queue] {"queueLength":1,"workRunningCount":0}
[debug] [2022-05-30T18:17:12.504Z] [work-queue] {"queueLength":0,"workRunningCount":1}
[debug] [2022-05-30T18:17:12.505Z] Accepted request POST /snapkartnew/us-central1/api/payments/create?total=299700 --> us-central1-api
[debug] [2022-05-30T18:17:12.505Z] [worker-pool] submitWork(triggerId=us-central1-api) {"metadata":{"emulator":{"name":"functions"},"message":"[worker-pool] submitWork(triggerId=us-central1-api)"}}
[debug] [2022-05-30T18:17:12.505Z] [worker-us-central1-api-6bebe36f-4440-4050-9f4e-b08c67e76c52]: Assigning socketPath: \\?\pipe\C:\Users\USER\Desktop\snap-kart\snap-kart\functions\268 {"metadata":{"emulator":{"name":"functions"},"message":"[worker-us-central1-api-6bebe36f-4440-4050-9f4e-b08c67e76c52]: Assigning socketPath: \\\\?\\pipe\\C:\\Users\\USER\\Desktop\\snap-kart\\snap-kart\\functions\\268"}}
[debug] [2022-05-30T18:17:12.505Z] [worker-us-central1-api-6bebe36f-4440-4050-9f4e-b08c67e76c52]: BUSY {"metadata":{"emulator":{"name":"functions"},"message":"[worker-us-central1-api-6bebe36f-4440-4050-9f4e-b08c67e76c52]: BUSY"}}
[debug] [2022-05-30T18:17:12.506Z] [runtime-status] [268] Beginning invocation function api! {"metadata":{"emulator":{"name":"functions"},"function":{"name":"us-central1-api"},"extension":{},"message":"[runtime-status] [268] Beginning invocation function api!"}}
[info] i  functions: Beginning execution of "api" {"metadata":{"emulator":{"name":"functions"},"function":{"name":"us-central1-api"},"extension":{},"message":"Beginning execution of \"api\""}}
[debug] [2022-05-30T18:17:12.508Z] [runtime-status] [268] Running api in signature http {"metadata":{"emulator":{"name":"functions"},"function":{"name":"us-central1-api"},"extension":{},"message":"[runtime-status] [268] Running api in signature http"}}
[debug] [2022-05-30T18:17:12.509Z] [runtime-status] [268] Attempting to listen to socketPath: \\?\pipe\C:\Users\USER\Desktop\snap-kart\snap-kart\functions\268 {"metadata":{"emulator":{"name":"functions"},"function":{"name":"us-central1-api"},"extension":{},"message":"[runtime-status] [268] Attempting to listen to socketPath: \\\\?\\pipe\\C:\\Users\\USER\\Desktop\\snap-kart\\snap-kart\\functions\\268"}}
[debug] [2022-05-30T18:17:12.515Z] [functions] Runtime ready! Sending request! {"metadata":{"emulator":{"name":"functions"},"message":"[functions] Runtime ready! Sending request!"}}
[debug] [2022-05-30T18:17:12.516Z] [functions] Got req.url=/snapkartnew/us-central1/api/payments/create?total=299700, mapping to path=/payments/create?total=299700 {"metadata":{"emulator":{"name":"functions"},"message":"[functions] Got req.url=/snapkartnew/us-central1/api/payments/create?total=299700, mapping to path=/payments/create?total=299700"}}
[debug] [2022-05-30T18:17:12.519Z] [runtime-status] [268] Ephemeral server handling POST request {"metadata":{"emulator":{"name":"functions"},"function":{"name":"us-central1-api"},"extension":{},"message":"[runtime-status] [268] Ephemeral server handling POST request"}}
[info] >  Payment Request Recieved BOOM!!! for this amount >>>  299700 {"user":"Payment Request Recieved BOOM!!! for this amount >>>  299700","metadata":{"emulator":{"name":"functions"},"function":{"name":"us-central1-api"},"extension":{},"message":"\u001b[90m> \u001b[39m Payment Request Recieved BOOM!!! for this amount >>>  299700"}}
[debug] [2022-05-30T18:17:12.521Z] [runtime-status] [268] Ephemeral server survived. {"metadata":{"emulator":{"name":"functions"},"function":{"name":"us-central1-api"},"extension":{},"message":"[runtime-status] [268] Ephemeral server survived."}}
[debug] [2022-05-30T18:17:12.729Z] [work-queue] {"queueLength":1,"workRunningCount":1}
[debug] [2022-05-30T18:17:12.729Z] [work-queue] {"queueLength":0,"workRunningCount":2}
[debug] [2022-05-30T18:17:12.729Z] Accepted request POST /snapkartnew/us-central1/api/payments/create?total=299700 --> us-central1-api
[debug] [2022-05-30T18:17:12.730Z] [worker-pool] submitWork(triggerId=us-central1-api) {"metadata":{"emulator":{"name":"functions"},"message":"[worker-pool] submitWork(triggerId=us-central1-api)"}}
[debug] [2022-05-30T18:17:12.730Z] [worker-us-central1-api-a4250404-48b7-4631-bfb1-0dd4b75eef12]: Assigning socketPath: \\?\pipe\C:\Users\USER\Desktop\snap-kart\snap-kart\functions\14940 {"metadata":{"emulator":{"name":"functions"},"message":"[worker-us-central1-api-a4250404-48b7-4631-bfb1-0dd4b75eef12]: Assigning socketPath: \\\\?\\pipe\\C:\\Users\\USER\\Desktop\\snap-kart\\snap-kart\\functions\\14940"}}
[debug] [2022-05-30T18:17:12.730Z] [worker-us-central1-api-a4250404-48b7-4631-bfb1-0dd4b75eef12]: BUSY {"metadata":{"emulator":{"name":"functions"},"message":"[worker-us-central1-api-a4250404-48b7-4631-bfb1-0dd4b75eef12]: BUSY"}}
[debug] [2022-05-30T18:17:12.731Z] [runtime-status] [14940] Beginning invocation function api! {"metadata":{"emulator":{"name":"functions"},"function":{"name":"us-central1-api"},"extension":{},"message":"[runtime-status] [14940] Beginning invocation function api!"}}
[info] i  functions: Beginning execution of "api" {"metadata":{"emulator":{"name":"functions"},"function":{"name":"us-central1-api"},"extension":{},"message":"Beginning execution of \"api\""}}
[debug] [2022-05-30T18:17:12.732Z] [runtime-status] [14940] Running api in signature http {"metadata":{"emulator":{"name":"functions"},"function":{"name":"us-central1-api"},"extension":{},"message":"[runtime-status] [14940] Running api in signature http"}}
[debug] [2022-05-30T18:17:12.733Z] [runtime-status] [14940] Attempting to listen to socketPath: \\?\pipe\C:\Users\USER\Desktop\snap-kart\snap-kart\functions\14940 {"metadata":{"emulator":{"name":"functions"},"function":{"name":"us-central1-api"},"extension":{},"message":"[runtime-status] [14940] Attempting to listen to socketPath: \\\\?\\pipe\\C:\\Users\\USER\\Desktop\\snap-kart\\snap-kart\\functions\\14940"}}
[debug] [2022-05-30T18:17:12.736Z] [functions] Runtime ready! Sending request! {"metadata":{"emulator":{"name":"functions"},"message":"[functions] Runtime ready! Sending request!"}}
[debug] [2022-05-30T18:17:12.736Z] [functions] Got req.url=/snapkartnew/us-central1/api/payments/create?total=299700, mapping to path=/payments/create?total=299700 {"metadata":{"emulator":{"name":"functions"},"message":"[functions] Got req.url=/snapkartnew/us-central1/api/payments/create?total=299700, mapping to path=/payments/create?total=299700"}}
[debug] [2022-05-30T18:17:12.739Z] [runtime-status] [14940] Ephemeral server handling POST request {"metadata":{"emulator":{"name":"functions"},"function":{"name":"us-central1-api"},"extension":{},"message":"[runtime-status] [14940] Ephemeral server handling POST request"}}
[info] >  Payment Request Recieved BOOM!!! for this amount >>>  299700 {"user":"Payment Request Recieved BOOM!!! for this amount >>>  299700","metadata":{"emulator":{"name":"functions"},"function":{"name":"us-central1-api"},"extension":{},"message":"\u001b[90m> \u001b[39m Payment Request Recieved BOOM!!! for this amount >>>  299700"}}
[debug] [2022-05-30T18:17:12.741Z] [runtime-status] [14940] Ephemeral server survived. {"metadata":{"emulator":{"name":"functions"},"function":{"name":"us-central1-api"},"extension":{},"message":"[runtime-status] [14940] Ephemeral server survived."}}
[info] i  functions: Finished "api" in ~1s {"metadata":{"emulator":{"name":"functions"},"function":{"name":"us-central1-api"},"extension":{},"message":"Finished \"api\" in ~1s"}}
[debug] [2022-05-30T18:17:12.800Z] [worker-us-central1-api-6bebe36f-4440-4050-9f4e-b08c67e76c52]: IDLE {"metadata":{"emulator":{"name":"functions"},"message":"[worker-us-central1-api-6bebe36f-4440-4050-9f4e-b08c67e76c52]: IDLE"}}
[debug] [2022-05-30T18:17:12.800Z] [work-queue] {"queueLength":0,"workRunningCount":1}
[info] i  functions: Finished "api" in ~1s {"metadata":{"emulator":{"name":"functions"},"function":{"name":"us-central1-api"},"extension":{},"message":"Finished \"api\" in ~1s"}}
[debug] [2022-05-30T18:17:13.029Z] [worker-us-central1-api-a4250404-48b7-4631-bfb1-0dd4b75eef12]: IDLE {"metadata":{"emulator":{"name":"functions"},"message":"[worker-us-central1-api-a4250404-48b7-4631-bfb1-0dd4b75eef12]: IDLE"}}
[debug] [2022-05-30T18:17:13.030Z] [work-queue] {"queueLength":0,"workRunningCount":0}
[debug] [2022-05-30T18:17:13.133Z] [work-queue] {"queueLength":1,"workRunningCount":0}
[debug] [2022-05-30T18:17:13.133Z] [work-queue] {"queueLength":0,"workRunningCount":1}
[debug] [2022-05-30T18:17:13.133Z] Accepted request POST /snapkartnew/us-central1/api/payments/create?total=299700 --> us-central1-api
[debug] [2022-05-30T18:17:13.133Z] [worker-pool] submitWork(triggerId=us-central1-api) {"metadata":{"emulator":{"name":"functions"},"message":"[worker-pool] submitWork(triggerId=us-central1-api)"}}
[debug] [2022-05-30T18:17:13.134Z] [worker-us-central1-api-6bebe36f-4440-4050-9f4e-b08c67e76c52]: Assigning socketPath: \\?\pipe\C:\Users\USER\Desktop\snap-kart\snap-kart\functions\268 {"metadata":{"emulator":{"name":"functions"},"message":"[worker-us-central1-api-6bebe36f-4440-4050-9f4e-b08c67e76c52]: Assigning socketPath: \\\\?\\pipe\\C:\\Users\\USER\\Desktop\\snap-kart\\snap-kart\\functions\\268"}}
[debug] [2022-05-30T18:17:13.134Z] [worker-us-central1-api-6bebe36f-4440-4050-9f4e-b08c67e76c52]: BUSY {"metadata":{"emulator":{"name":"functions"},"message":"[worker-us-central1-api-6bebe36f-4440-4050-9f4e-b08c67e76c52]: BUSY"}}
[debug] [2022-05-30T18:17:13.135Z] [runtime-status] [268] Beginning invocation function api! {"metadata":{"emulator":{"name":"functions"},"function":{"name":"us-central1-api"},"extension":{},"message":"[runtime-status] [268] Beginning invocation function api!"}}
[info] i  functions: Beginning execution of "api" {"metadata":{"emulator":{"name":"functions"},"function":{"name":"us-central1-api"},"extension":{},"message":"Beginning execution of \"api\""}}
[debug] [2022-05-30T18:17:13.136Z] [runtime-status] [268] Running api in signature http {"metadata":{"emulator":{"name":"functions"},"function":{"name":"us-central1-api"},"extension":{},"message":"[runtime-status] [268] Running api in signature http"}}
[debug] [2022-05-30T18:17:13.137Z] [runtime-status] [268] Attempting to listen to socketPath: \\?\pipe\C:\Users\USER\Desktop\snap-kart\snap-kart\functions\268 {"metadata":{"emulator":{"name":"functions"},"function":{"name":"us-central1-api"},"extension":{},"message":"[runtime-status] [268] Attempting to listen to socketPath: \\\\?\\pipe\\C:\\Users\\USER\\Desktop\\snap-kart\\snap-kart\\functions\\268"}}
[debug] [2022-05-30T18:17:13.140Z] [functions] Runtime ready! Sending request! {"metadata":{"emulator":{"name":"functions"},"message":"[functions] Runtime ready! Sending request!"}}
[debug] [2022-05-30T18:17:13.140Z] [functions] Got req.url=/snapkartnew/us-central1/api/payments/create?total=299700, mapping to path=/payments/create?total=299700 {"metadata":{"emulator":{"name":"functions"},"message":"[functions] Got req.url=/snapkartnew/us-central1/api/payments/create?total=299700, mapping to path=/payments/create?total=299700"}}
[debug] [2022-05-30T18:17:13.143Z] [runtime-status] [268] Ephemeral server handling POST request {"metadata":{"emulator":{"name":"functions"},"function":{"name":"us-central1-api"},"extension":{},"message":"[runtime-status] [268] Ephemeral server handling POST request"}}
[info] >  Payment Request Recieved BOOM!!! for this amount >>>  299700 {"user":"Payment Request Recieved BOOM!!! for this amount >>>  299700","metadata":{"emulator":{"name":"functions"},"function":{"name":"us-central1-api"},"extension":{},"message":"\u001b[90m> \u001b[39m Payment Request Recieved BOOM!!! for this amount >>>  299700"}}
[debug] [2022-05-30T18:17:13.147Z] [runtime-status] [268] Ephemeral server survived. {"metadata":{"emulator":{"name":"functions"},"function":{"name":"us-central1-api"},"extension":{},"message":"[runtime-status] [268] Ephemeral server survived."}}
[debug] [2022-05-30T18:17:13.372Z] [work-queue] {"queueLength":1,"workRunningCount":1}
[debug] [2022-05-30T18:17:13.372Z] [work-queue] {"queueLength":0,"workRunningCount":2}
[debug] [2022-05-30T18:17:13.373Z] Accepted request POST /snapkartnew/us-central1/api/payments/create?total=299700 --> us-central1-api
[debug] [2022-05-30T18:17:13.373Z] [worker-pool] submitWork(triggerId=us-central1-api) {"metadata":{"emulator":{"name":"functions"},"message":"[worker-pool] submitWork(triggerId=us-central1-api)"}}
[debug] [2022-05-30T18:17:13.373Z] [worker-us-central1-api-a4250404-48b7-4631-bfb1-0dd4b75eef12]: Assigning socketPath: \\?\pipe\C:\Users\USER\Desktop\snap-kart\snap-kart\functions\14940 {"metadata":{"emulator":{"name":"functions"},"message":"[worker-us-central1-api-a4250404-48b7-4631-bfb1-0dd4b75eef12]: Assigning socketPath: \\\\?\\pipe\\C:\\Users\\USER\\Desktop\\snap-kart\\snap-kart\\functions\\14940"}}
[debug] [2022-05-30T18:17:13.373Z] [worker-us-central1-api-a4250404-48b7-4631-bfb1-0dd4b75eef12]: BUSY {"metadata":{"emulator":{"name":"functions"},"message":"[worker-us-central1-api-a4250404-48b7-4631-bfb1-0dd4b75eef12]: BUSY"}}
[debug] [2022-05-30T18:17:13.378Z] [runtime-status] [14940] Beginning invocation function api! {"metadata":{"emulator":{"name":"functions"},"function":{"name":"us-central1-api"},"extension":{},"message":"[runtime-status] [14940] Beginning invocation function api!"}}
[info] i  functions: Beginning execution of "api" {"metadata":{"emulator":{"name":"functions"},"function":{"name":"us-central1-api"},"extension":{},"message":"Beginning execution of \"api\""}}
[debug] [2022-05-30T18:17:13.381Z] [runtime-status] [14940] Running api in signature http {"metadata":{"emulator":{"name":"functions"},"function":{"name":"us-central1-api"},"extension":{},"message":"[runtime-status] [14940] Running api in signature http"}}
[debug] [2022-05-30T18:17:13.381Z] [runtime-status] [14940] Attempting to listen to socketPath: \\?\pipe\C:\Users\USER\Desktop\snap-kart\snap-kart\functions\14940 {"metadata":{"emulator":{"name":"functions"},"function":{"name":"us-central1-api"},"extension":{},"message":"[runtime-status] [14940] Attempting to listen to socketPath: \\\\?\\pipe\\C:\\Users\\USER\\Desktop\\snap-kart\\snap-kart\\functions\\14940"}}
[debug] [2022-05-30T18:17:13.384Z] [functions] Runtime ready! Sending request! {"metadata":{"emulator":{"name":"functions"},"message":"[functions] Runtime ready! Sending request!"}}
[debug] [2022-05-30T18:17:13.385Z] [functions] Got req.url=/snapkartnew/us-central1/api/payments/create?total=299700, mapping to path=/payments/create?total=299700 {"metadata":{"emulator":{"name":"functions"},"message":"[functions] Got req.url=/snapkartnew/us-central1/api/payments/create?total=299700, mapping to path=/payments/create?total=299700"}}
[debug] [2022-05-30T18:17:13.387Z] [runtime-status] [14940] Ephemeral server handling POST request {"metadata":{"emulator":{"name":"functions"},"function":{"name":"us-central1-api"},"extension":{},"message":"[runtime-status] [14940] Ephemeral server handling POST request"}}
[info] >  Payment Request Recieved BOOM!!! for this amount >>>  299700 {"user":"Payment Request Recieved BOOM!!! for this amount >>>  299700","metadata":{"emulator":{"name":"functions"},"function":{"name":"us-central1-api"},"extension":{},"message":"\u001b[90m> \u001b[39m Payment Request Recieved BOOM!!! for this amount >>>  299700"}}
[debug] [2022-05-30T18:17:13.389Z] [runtime-status] [14940] Ephemeral server survived. {"metadata":{"emulator":{"name":"functions"},"function":{"name":"us-central1-api"},"extension":{},"message":"[runtime-status] [14940] Ephemeral server survived."}}
[info] i  functions: Finished "api" in ~1s {"metadata":{"emulator":{"name":"functions"},"function":{"name":"us-central1-api"},"extension":{},"message":"Finished \"api\" in ~1s"}}
[debug] [2022-05-30T18:17:13.426Z] [worker-us-central1-api-6bebe36f-4440-4050-9f4e-b08c67e76c52]: IDLE {"metadata":{"emulator":{"name":"functions"},"message":"[worker-us-central1-api-6bebe36f-4440-4050-9f4e-b08c67e76c52]: IDLE"}}
[debug] [2022-05-30T18:17:13.427Z] [work-queue] {"queueLength":0,"workRunningCount":1}
[debug] [2022-05-30T18:17:13.585Z] [work-queue] {"queueLength":1,"workRunningCount":1}
[debug] [2022-05-30T18:17:13.585Z] [work-queue] {"queueLength":0,"workRunningCount":2}
[debug] [2022-05-30T18:17:13.585Z] Accepted request POST /snapkartnew/us-central1/api/payments/create?total=299700 --> us-central1-api
[debug] [2022-05-30T18:17:13.585Z] [worker-pool] submitWork(triggerId=us-central1-api) {"metadata":{"emulator":{"name":"functions"},"message":"[worker-pool] submitWork(triggerId=us-central1-api)"}}
[debug] [2022-05-30T18:17:13.586Z] [worker-us-central1-api-6bebe36f-4440-4050-9f4e-b08c67e76c52]: Assigning socketPath: \\?\pipe\C:\Users\USER\Desktop\snap-kart\snap-kart\functions\268 {"metadata":{"emulator":{"name":"functions"},"message":"[worker-us-central1-api-6bebe36f-4440-4050-9f4e-b08c67e76c52]: Assigning socketPath: \\\\?\\pipe\\C:\\Users\\USER\\Desktop\\snap-kart\\snap-kart\\functions\\268"}}
[debug] [2022-05-30T18:17:13.586Z] [worker-us-central1-api-6bebe36f-4440-4050-9f4e-b08c67e76c52]: BUSY {"metadata":{"emulator":{"name":"functions"},"message":"[worker-us-central1-api-6bebe36f-4440-4050-9f4e-b08c67e76c52]: BUSY"}}
[debug] [2022-05-30T18:17:13.586Z] [runtime-status] [268] Beginning invocation function api! {"metadata":{"emulator":{"name":"functions"},"function":{"name":"us-central1-api"},"extension":{},"message":"[runtime-status] [268] Beginning invocation function api!"}}
[info] i  functions: Beginning execution of "api" {"metadata":{"emulator":{"name":"functions"},"function":{"name":"us-central1-api"},"extension":{},"message":"Beginning execution of \"api\""}}
[debug] [2022-05-30T18:17:13.588Z] [runtime-status] [268] Running api in signature http {"metadata":{"emulator":{"name":"functions"},"function":{"name":"us-central1-api"},"extension":{},"message":"[runtime-status] [268] Running api in signature http"}}
[debug] [2022-05-30T18:17:13.588Z] [runtime-status] [268] Attempting to listen to socketPath: \\?\pipe\C:\Users\USER\Desktop\snap-kart\snap-kart\functions\268 {"metadata":{"emulator":{"name":"functions"},"function":{"name":"us-central1-api"},"extension":{},"message":"[runtime-status] [268] Attempting to listen to socketPath: \\\\?\\pipe\\C:\\Users\\USER\\Desktop\\snap-kart\\snap-kart\\functions\\268"}}
[debug] [2022-05-30T18:17:13.591Z] [functions] Runtime ready! Sending request! {"metadata":{"emulator":{"name":"functions"},"message":"[functions] Runtime ready! Sending request!"}}
[debug] [2022-05-30T18:17:13.591Z] [functions] Got req.url=/snapkartnew/us-central1/api/payments/create?total=299700, mapping to path=/payments/create?total=299700 {"metadata":{"emulator":{"name":"functions"},"message":"[functions] Got req.url=/snapkartnew/us-central1/api/payments/create?total=299700, mapping to path=/payments/create?total=299700"}}
[debug] [2022-05-30T18:17:13.593Z] [runtime-status] [268] Ephemeral server handling POST request {"metadata":{"emulator":{"name":"functions"},"function":{"name":"us-central1-api"},"extension":{},"message":"[runtime-status] [268] Ephemeral server handling POST request"}}
[info] >  Payment Request Recieved BOOM!!! for this amount >>>  299700 {"user":"Payment Request Recieved BOOM!!! for this amount >>>  299700","metadata":{"emulator":{"name":"functions"},"function":{"name":"us-central1-api"},"extension":{},"message":"\u001b[90m> \u001b[39m Payment Request Recieved BOOM!!! for this amount >>>  299700"}}
[debug] [2022-05-30T18:17:13.596Z] [runtime-status] [268] Ephemeral server survived. {"metadata":{"emulator":{"name":"functions"},"function":{"name":"us-central1-api"},"extension":{},"message":"[runtime-status] [268] Ephemeral server survived."}}
[info] i  functions: Finished "api" in ~1s {"metadata":{"emulator":{"name":"functions"},"function":{"name":"us-central1-api"},"extension":{},"message":"Finished \"api\" in ~1s"}}
[debug] [2022-05-30T18:17:13.731Z] [worker-us-central1-api-a4250404-48b7-4631-bfb1-0dd4b75eef12]: IDLE {"metadata":{"emulator":{"name":"functions"},"message":"[worker-us-central1-api-a4250404-48b7-4631-bfb1-0dd4b75eef12]: IDLE"}}
[debug] [2022-05-30T18:17:13.731Z] [work-queue] {"queueLength":0,"workRunningCount":1}
[info] i  functions: Finished "api" in ~1s {"metadata":{"emulator":{"name":"functions"},"function":{"name":"us-central1-api"},"extension":{},"message":"Finished \"api\" in ~1s"}}
[debug] [2022-05-30T18:17:13.951Z] [worker-us-central1-api-6bebe36f-4440-4050-9f4e-b08c67e76c52]: IDLE {"metadata":{"emulator":{"name":"functions"},"message":"[worker-us-central1-api-6bebe36f-4440-4050-9f4e-b08c67e76c52]: IDLE"}}
[debug] [2022-05-30T18:17:13.952Z] [work-queue] {"queueLength":0,"workRunningCount":0}
[debug] [2022-05-30T18:17:15.021Z] [work-queue] {"queueLength":1,"workRunningCount":0}
[debug] [2022-05-30T18:17:15.021Z] [work-queue] {"queueLength":0,"workRunningCount":1}
[debug] [2022-05-30T18:17:15.021Z] Accepted request POST /snapkartnew/us-central1/api/payments/create?total=299700 --> us-central1-api
[debug] [2022-05-30T18:17:15.021Z] [worker-pool] submitWork(triggerId=us-central1-api) {"metadata":{"emulator":{"name":"functions"},"message":"[worker-pool] submitWork(triggerId=us-central1-api)"}}
[debug] [2022-05-30T18:17:15.021Z] [worker-us-central1-api-6bebe36f-4440-4050-9f4e-b08c67e76c52]: Assigning socketPath: \\?\pipe\C:\Users\USER\Desktop\snap-kart\snap-kart\functions\268 {"metadata":{"emulator":{"name":"functions"},"message":"[worker-us-central1-api-6bebe36f-4440-4050-9f4e-b08c67e76c52]: Assigning socketPath: \\\\?\\pipe\\C:\\Users\\USER\\Desktop\\snap-kart\\snap-kart\\functions\\268"}}
[debug] [2022-05-30T18:17:15.022Z] [worker-us-central1-api-6bebe36f-4440-4050-9f4e-b08c67e76c52]: BUSY {"metadata":{"emulator":{"name":"functions"},"message":"[worker-us-central1-api-6bebe36f-4440-4050-9f4e-b08c67e76c52]: BUSY"}}
[debug] [2022-05-30T18:17:15.023Z] [runtime-status] [268] Beginning invocation function api! {"metadata":{"emulator":{"name":"functions"},"function":{"name":"us-central1-api"},"extension":{},"message":"[runtime-status] [268] Beginning invocation function api!"}}
[info] i  functions: Beginning execution of "api" {"metadata":{"emulator":{"name":"functions"},"function":{"name":"us-central1-api"},"extension":{},"message":"Beginning execution of \"api\""}}
[debug] [2022-05-30T18:17:15.024Z] [runtime-status] [268] Running api in signature http {"metadata":{"emulator":{"name":"functions"},"function":{"name":"us-central1-api"},"extension":{},"message":"[runtime-status] [268] Running api in signature http"}}
[debug] [2022-05-30T18:17:15.025Z] [runtime-status] [268] Attempting to listen to socketPath: \\?\pipe\C:\Users\USER\Desktop\snap-kart\snap-kart\functions\268 {"metadata":{"emulator":{"name":"functions"},"function":{"name":"us-central1-api"},"extension":{},"message":"[runtime-status] [268] Attempting to listen to socketPath: \\\\?\\pipe\\C:\\Users\\USER\\Desktop\\snap-kart\\snap-kart\\functions\\268"}}
[debug] [2022-05-30T18:17:15.028Z] [functions] Runtime ready! Sending request! {"metadata":{"emulator":{"name":"functions"},"message":"[functions] Runtime ready! Sending request!"}}
[debug] [2022-05-30T18:17:15.029Z] [functions] Got req.url=/snapkartnew/us-central1/api/payments/create?total=299700, mapping to path=/payments/create?total=299700 {"metadata":{"emulator":{"name":"functions"},"message":"[functions] Got req.url=/snapkartnew/us-central1/api/payments/create?total=299700, mapping to path=/payments/create?total=299700"}}
[debug] [2022-05-30T18:17:15.032Z] [runtime-status] [268] Ephemeral server handling POST request {"metadata":{"emulator":{"name":"functions"},"function":{"name":"us-central1-api"},"extension":{},"message":"[runtime-status] [268] Ephemeral server handling POST request"}}
[info] >  Payment Request Recieved BOOM!!! for this amount >>>  299700 {"user":"Payment Request Recieved BOOM!!! for this amount >>>  299700","metadata":{"emulator":{"name":"functions"},"function":{"name":"us-central1-api"},"extension":{},"message":"\u001b[90m> \u001b[39m Payment Request Recieved BOOM!!! for this amount >>>  299700"}}
[debug] [2022-05-30T18:17:15.035Z] [runtime-status] [268] Ephemeral server survived. {"metadata":{"emulator":{"name":"functions"},"function":{"name":"us-central1-api"},"extension":{},"message":"[runtime-status] [268] Ephemeral server survived."}}
[info] i  functions: Finished "api" in ~1s {"metadata":{"emulator":{"name":"functions"},"function":{"name":"us-central1-api"},"extension":{},"message":"Finished \"api\" in ~1s"}}
[debug] [2022-05-30T18:17:15.473Z] [worker-us-central1-api-6bebe36f-4440-4050-9f4e-b08c67e76c52]: IDLE {"metadata":{"emulator":{"name":"functions"},"message":"[worker-us-central1-api-6bebe36f-4440-4050-9f4e-b08c67e76c52]: IDLE"}}
[debug] [2022-05-30T18:17:15.474Z] [work-queue] {"queueLength":0,"workRunningCount":0}
[debug] [2022-05-30T18:26:08.395Z] [work-queue] {"queueLength":1,"workRunningCount":0}
[debug] [2022-05-30T18:26:08.395Z] [work-queue] {"queueLength":0,"workRunningCount":1}
[debug] [2022-05-30T18:26:08.396Z] Accepted request POST /snapkartnew/us-central1/api/payments/create?total=74925 --> us-central1-api
[debug] [2022-05-30T18:26:08.396Z] [worker-pool] submitWork(triggerId=us-central1-api) {"metadata":{"emulator":{"name":"functions"},"message":"[worker-pool] submitWork(triggerId=us-central1-api)"}}
[debug] [2022-05-30T18:26:08.396Z] [worker-us-central1-api-6bebe36f-4440-4050-9f4e-b08c67e76c52]: Assigning socketPath: \\?\pipe\C:\Users\USER\Desktop\snap-kart\snap-kart\functions\268 {"metadata":{"emulator":{"name":"functions"},"message":"[worker-us-central1-api-6bebe36f-4440-4050-9f4e-b08c67e76c52]: Assigning socketPath: \\\\?\\pipe\\C:\\Users\\USER\\Desktop\\snap-kart\\snap-kart\\functions\\268"}}
[debug] [2022-05-30T18:26:08.396Z] [worker-us-central1-api-6bebe36f-4440-4050-9f4e-b08c67e76c52]: BUSY {"metadata":{"emulator":{"name":"functions"},"message":"[worker-us-central1-api-6bebe36f-4440-4050-9f4e-b08c67e76c52]: BUSY"}}
[debug] [2022-05-30T18:26:08.398Z] [work-queue] {"queueLength":1,"workRunningCount":1}
[debug] [2022-05-30T18:26:08.398Z] [work-queue] {"queueLength":0,"workRunningCount":2}
[debug] [2022-05-30T18:26:08.398Z] Accepted request POST /snapkartnew/us-central1/api/payments/create?total=74925 --> us-central1-api
[debug] [2022-05-30T18:26:08.399Z] [worker-pool] submitWork(triggerId=us-central1-api) {"metadata":{"emulator":{"name":"functions"},"message":"[worker-pool] submitWork(triggerId=us-central1-api)"}}
[debug] [2022-05-30T18:26:08.399Z] [worker-us-central1-api-a4250404-48b7-4631-bfb1-0dd4b75eef12]: Assigning socketPath: \\?\pipe\C:\Users\USER\Desktop\snap-kart\snap-kart\functions\14940 {"metadata":{"emulator":{"name":"functions"},"message":"[worker-us-central1-api-a4250404-48b7-4631-bfb1-0dd4b75eef12]: Assigning socketPath: \\\\?\\pipe\\C:\\Users\\USER\\Desktop\\snap-kart\\snap-kart\\functions\\14940"}}
[debug] [2022-05-30T18:26:08.399Z] [worker-us-central1-api-a4250404-48b7-4631-bfb1-0dd4b75eef12]: BUSY {"metadata":{"emulator":{"name":"functions"},"message":"[worker-us-central1-api-a4250404-48b7-4631-bfb1-0dd4b75eef12]: BUSY"}}
[debug] [2022-05-30T18:26:08.400Z] [runtime-status] [268] Beginning invocation function api! {"metadata":{"emulator":{"name":"functions"},"function":{"name":"us-central1-api"},"extension":{},"message":"[runtime-status] [268] Beginning invocation function api!"}}
[info] i  functions: Beginning execution of "api" {"metadata":{"emulator":{"name":"functions"},"function":{"name":"us-central1-api"},"extension":{},"message":"Beginning execution of \"api\""}}
[debug] [2022-05-30T18:26:08.401Z] [runtime-status] [268] Running api in signature http {"metadata":{"emulator":{"name":"functions"},"function":{"name":"us-central1-api"},"extension":{},"message":"[runtime-status] [268] Running api in signature http"}}
[debug] [2022-05-30T18:26:08.402Z] [runtime-status] [14940] Beginning invocation function api! {"metadata":{"emulator":{"name":"functions"},"function":{"name":"us-central1-api"},"extension":{},"message":"[runtime-status] [14940] Beginning invocation function api!"}}
[info] i  functions: Beginning execution of "api" {"metadata":{"emulator":{"name":"functions"},"function":{"name":"us-central1-api"},"extension":{},"message":"Beginning execution of \"api\""}}
[debug] [2022-05-30T18:26:08.403Z] [runtime-status] [14940] Running api in signature http {"metadata":{"emulator":{"name":"functions"},"function":{"name":"us-central1-api"},"extension":{},"message":"[runtime-status] [14940] Running api in signature http"}}
[debug] [2022-05-30T18:26:08.404Z] [runtime-status] [268] Attempting to listen to socketPath: \\?\pipe\C:\Users\USER\Desktop\snap-kart\snap-kart\functions\268 {"metadata":{"emulator":{"name":"functions"},"function":{"name":"us-central1-api"},"extension":{},"message":"[runtime-status] [268] Attempting to listen to socketPath: \\\\?\\pipe\\C:\\Users\\USER\\Desktop\\snap-kart\\snap-kart\\functions\\268"}}
[debug] [2022-05-30T18:26:08.408Z] [functions] Runtime ready! Sending request! {"metadata":{"emulator":{"name":"functions"},"message":"[functions] Runtime ready! Sending request!"}}
[debug] [2022-05-30T18:26:08.409Z] [functions] Got req.url=/snapkartnew/us-central1/api/payments/create?total=74925, mapping to path=/payments/create?total=74925 {"metadata":{"emulator":{"name":"functions"},"message":"[functions] Got req.url=/snapkartnew/us-central1/api/payments/create?total=74925, mapping to path=/payments/create?total=74925"}}
[debug] [2022-05-30T18:26:08.410Z] [runtime-status] [14940] Attempting to listen to socketPath: \\?\pipe\C:\Users\USER\Desktop\snap-kart\snap-kart\functions\14940 {"metadata":{"emulator":{"name":"functions"},"function":{"name":"us-central1-api"},"extension":{},"message":"[runtime-status] [14940] Attempting to listen to socketPath: \\\\?\\pipe\\C:\\Users\\USER\\Desktop\\snap-kart\\snap-kart\\functions\\14940"}}
[debug] [2022-05-30T18:26:08.414Z] [functions] Runtime ready! Sending request! {"metadata":{"emulator":{"name":"functions"},"message":"[functions] Runtime ready! Sending request!"}}
[debug] [2022-05-30T18:26:08.414Z] [functions] Got req.url=/snapkartnew/us-central1/api/payments/create?total=74925, mapping to path=/payments/create?total=74925 {"metadata":{"emulator":{"name":"functions"},"message":"[functions] Got req.url=/snapkartnew/us-central1/api/payments/create?total=74925, mapping to path=/payments/create?total=74925"}}
[debug] [2022-05-30T18:26:08.417Z] [runtime-status] [268] Ephemeral server handling POST request {"metadata":{"emulator":{"name":"functions"},"function":{"name":"us-central1-api"},"extension":{},"message":"[runtime-status] [268] Ephemeral server handling POST request"}}
[info] >  Payment Request Recieved BOOM!!! for this amount >>>  74925 {"user":"Payment Request Recieved BOOM!!! for this amount >>>  74925","metadata":{"emulator":{"name":"functions"},"function":{"name":"us-central1-api"},"extension":{},"message":"\u001b[90m> \u001b[39m Payment Request Recieved BOOM!!! for this amount >>>  74925"}}
[debug] [2022-05-30T18:26:08.420Z] [runtime-status] [14940] Ephemeral server handling POST request {"metadata":{"emulator":{"name":"functions"},"function":{"name":"us-central1-api"},"extension":{},"message":"[runtime-status] [14940] Ephemeral server handling POST request"}}
[info] >  Payment Request Recieved BOOM!!! for this amount >>>  74925 {"user":"Payment Request Recieved BOOM!!! for this amount >>>  74925","metadata":{"emulator":{"name":"functions"},"function":{"name":"us-central1-api"},"extension":{},"message":"\u001b[90m> \u001b[39m Payment Request Recieved BOOM!!! for this amount >>>  74925"}}
[debug] [2022-05-30T18:26:08.423Z] [runtime-status] [268] Ephemeral server survived. {"metadata":{"emulator":{"name":"functions"},"function":{"name":"us-central1-api"},"extension":{},"message":"[runtime-status] [268] Ephemeral server survived."}}
[debug] [2022-05-30T18:26:08.426Z] [runtime-status] [14940] Ephemeral server survived. {"metadata":{"emulator":{"name":"functions"},"function":{"name":"us-central1-api"},"extension":{},"message":"[runtime-status] [14940] Ephemeral server survived."}}
[info] i  functions: Finished "api" in ~1s {"metadata":{"emulator":{"name":"functions"},"function":{"name":"us-central1-api"},"extension":{},"message":"Finished \"api\" in ~1s"}}
[debug] [2022-05-30T18:26:08.889Z] [worker-us-central1-api-6bebe36f-4440-4050-9f4e-b08c67e76c52]: IDLE {"metadata":{"emulator":{"name":"functions"},"message":"[worker-us-central1-api-6bebe36f-4440-4050-9f4e-b08c67e76c52]: IDLE"}}
[debug] [2022-05-30T18:26:08.890Z] [work-queue] {"queueLength":0,"workRunningCount":1}
[info] i  functions: Finished "api" in ~1s {"metadata":{"emulator":{"name":"functions"},"function":{"name":"us-central1-api"},"extension":{},"message":"Finished \"api\" in ~1s"}}
[debug] [2022-05-30T18:26:08.978Z] [worker-us-central1-api-a4250404-48b7-4631-bfb1-0dd4b75eef12]: IDLE {"metadata":{"emulator":{"name":"functions"},"message":"[worker-us-central1-api-a4250404-48b7-4631-bfb1-0dd4b75eef12]: IDLE"}}
[debug] [2022-05-30T18:26:08.978Z] [work-queue] {"queueLength":0,"workRunningCount":0}
