[debug] [2022-05-30T11:39:42.096Z] ----------------------------------------------------------------------
[debug] [2022-05-30T11:39:42.098Z] Command:       C:\Program Files\nodejs\node.exe C:\Users\USER\AppData\Roaming\npm\node_modules\firebase-tools\lib\bin\firebase.js deploy --only functions
[debug] [2022-05-30T11:39:42.098Z] CLI Version:   11.0.1
[debug] [2022-05-30T11:39:42.098Z] Platform:      win32
[debug] [2022-05-30T11:39:42.098Z] Node Version:  v16.14.0
[debug] [2022-05-30T11:39:42.099Z] Time:          Mon May 30 2022 17:09:42 GMT+0530 (India Standard Time)
[debug] [2022-05-30T11:39:42.099Z] ----------------------------------------------------------------------
[debug] 
[debug] [2022-05-30T11:39:42.158Z] > command requires scopes: ["email","openid","https://www.googleapis.com/auth/cloudplatformprojects.readonly","https://www.googleapis.com/auth/firebase","https://www.googleapis.com/auth/cloud-platform"]
[debug] [2022-05-30T11:39:42.158Z] > authorizing via signed-in user (kartikkankurte@gmail.com)
[debug] [2022-05-30T11:39:42.158Z] [iam] checking project snapkartnew for permissions ["cloudfunctions.functions.create","cloudfunctions.functions.delete","cloudfunctions.functions.get","cloudfunctions.functions.list","cloudfunctions.functions.update","cloudfunctions.operations.get","firebase.projects.get"]
[debug] [2022-05-30T11:39:42.160Z] >>> [apiv2][query] POST https://cloudresourcemanager.googleapis.com/v1/projects/snapkartnew:testIamPermissions [none]
[debug] [2022-05-30T11:39:42.160Z] >>> [apiv2][body] POST https://cloudresourcemanager.googleapis.com/v1/projects/snapkartnew:testIamPermissions {"permissions":["cloudfunctions.functions.create","cloudfunctions.functions.delete","cloudfunctions.functions.get","cloudfunctions.functions.list","cloudfunctions.functions.update","cloudfunctions.operations.get","firebase.projects.get"]}
[debug] [2022-05-30T11:39:43.439Z] <<< [apiv2][status] POST https://cloudresourcemanager.googleapis.com/v1/projects/snapkartnew:testIamPermissions 200
[debug] [2022-05-30T11:39:43.439Z] <<< [apiv2][body] POST https://cloudresourcemanager.googleapis.com/v1/projects/snapkartnew:testIamPermissions {"permissions":["cloudfunctions.functions.create","cloudfunctions.functions.delete","cloudfunctions.functions.get","cloudfunctions.functions.list","cloudfunctions.functions.update","cloudfunctions.operations.get","firebase.projects.get"]}
[debug] [2022-05-30T11:39:43.439Z] >>> [apiv2][query] POST https://iam.googleapis.com/v1/projects/snapkartnew/serviceAccounts/snapkartnew@appspot.gserviceaccount.com:testIamPermissions [none]
[debug] [2022-05-30T11:39:43.440Z] >>> [apiv2][body] POST https://iam.googleapis.com/v1/projects/snapkartnew/serviceAccounts/snapkartnew@appspot.gserviceaccount.com:testIamPermissions {"permissions":["iam.serviceAccounts.actAs"]}
[debug] [2022-05-30T11:39:44.801Z] <<< [apiv2][status] POST https://iam.googleapis.com/v1/projects/snapkartnew/serviceAccounts/snapkartnew@appspot.gserviceaccount.com:testIamPermissions 200
[debug] [2022-05-30T11:39:44.801Z] <<< [apiv2][body] POST https://iam.googleapis.com/v1/projects/snapkartnew/serviceAccounts/snapkartnew@appspot.gserviceaccount.com:testIamPermissions {"permissions":["iam.serviceAccounts.actAs"]}
[info] 
[info] === Deploying to 'snapkartnew'...
[info] 
[info] i  deploying functions 
[info] Running command: npm --prefix "$RESOURCE_DIR" run lint
